1725759669279:help
1725759859431:cli
1725759971650:help
1725760017959:/help
1725760635619:/list
1725823625044:/upload abc.txt
1725823632127:/upload
1725823655686:/upload abc.txt
1725823666968:/help
1725823716888:/upload
1725823792311:/upload abc.txt
1725823804564:/upload "abc.txt"
1725823902361:/upload abc.txt
1725823940531:/upload "abc.txt"
1725823950636:/upload filePath=abc.txt
1725824055546:/upload abc.txt
1725824073553:/upload filePath=abc.txt
1725824087320:/upload filePath "abc.txt"
1725824369448:/upload abc.txt
1725824728578:/upload /Users/ashwinathappan/Documents/workspace/Projects/cse-5306-assignment1/part-1/client/src/main/resources/temp/a.txt
1725824740433:/upload /Users/ashwinathappan/Documents/workspace/Projects/cse-5306-assignment1/part-1/client/src/main/resources/temp/b.txt
1725831534055:/upload /Users/ashwinathappan/Documents/workspace/Projects/cse-5306-assignment1/part-1/client/src/main/resources/temp/a.txt
1725831676938:/upload log.error(throwable.getMessage());
1725831727826:/upload /Users/ashwinathappan/Documents/workspace/Projects/cse-5306-assignment1/part-1/client/src/main/resources/temp/a.txt
1725832604366:/upload Throwable errorResponse = new Throwable("File " + fileName + " already exists");
1725832629907:/upload /Users/ashwinathappan/Documents/workspace/Projects/cse-5306-assignment1/part-1/client/src/main/resources/temp/a.txt
1725906948438:/list
1725906958821:/delete a.txt
1725906982449:/list
1725906987056:/delete a.txt
1725920411267:/upload /Users/ashwinathappan/Downloads/steam.dmg
1725920462423:/list
1725920490955:/upload /Users/ashwinathappan/Downloads/Form.jpeg
1725920494968:/list
1725920634143:/upload /Users/ashwinathappan/Downloads/steam.dmg
1725920643075:/list
1725920657132:/upload /Users/ashwinathappan/Downloads/Form.jpeg
1725920660072:/list
1725924026316:/upload /Users/ashwinathappan/Downloads/steam.dmg
1725924189622:/upload a
1725924204222:/upload /Users/ashwinathappan/Downloads/steam.dmg
1725925869767:/list
1725925875723:/delete steam.dmg
1725925878341:/list
1725925883781:/delete a.txt
1725925898905:/rename Form.jpeg a.jpeg
1725926193013:/list
1725926203884:/rename Form.jpeg a.jpeg
1725927046297:/upload /Users/ashwinathappan/Downloads/steam.dmg
1725927063633:/delete steam.dmg
1725927127149:/upload /Users/ashwinathappan/Downloads/steam.dmg /Users/ashwinathappan/Downloads/Resume.docx
1725927190029:/upload /Users/ashwinathappan/Downloads/steam.dmg
1725927492222:/upload /Users/ashwinathappan/Downloads/steam.dmg /Users/ashwinathappan/Downloads/a.txt
1725928310726:/upload /Users/ashwinathappan/Downloads/steam.dmg /Users/ashwinathappan/Downloads/Resume.docx
1725928335022:/upload /Users/ashwinathappan/Downloads/steam.dmg
1725928361024:/upload
1725928365010:upload
1725928367920:/help
1725928375115:help
1725928442548:/upload
1725928448437:help
1725928587007:/upload
1725928651182:help
1725928655718:/upload
1725928678810:/upload /Users/ashwinathappan/Downloads/steam.dmg /Users/ashwinathappan/Downloads/Resume.docx
1725928696012:/upload /Users/ashwinathappan/Downloads/steam.dmg
1725928727024:/upload file-service:>/upload /Users/ashwinathappan/Downloads
1725928741566:/upload /Users/ashwinathappan/Downloads/steam.dmg
1725928795931:/upload 1
1725928805681:/upload 1 /Users/ashwinathappan/Downloads
1725930302952:/rename Form.jpeg a.jpeg
1725930322723:help
1725930342987:history
1725937492244:/rename Form.jpeg a.jpeg
1725937497148:stacktrace
1725937695399:/rename a.txt b.txt
1725937926230:/rename "a.txt" "b.txt"
1725937933487:/rename a.txt b.txt c.txt
1725938105386:/list
1725938122409:/upload /Users/ashwinathappan/Downloads/Steam.dmg
1725938142655:list
1725938145519:/list
1725938159087:/rename Form.jpeg a.jpeg
1725938250635:/list
1725938261159:/rename Form.jpeg a.jpeg
1725938881516:/list
